[['user_id'], ['business_id'], ['review_stars'], ['user_id'], ['business_id'], ['review_stars'], ['user_id'], ['business_id'], ['review_stars'], ['user_id'], ['business_id'], ['review_stars'], ['user_id'], ['business_id'], ['review_stars'], ['user_id'], ['business_id'], ['review_stars'], ['user_id'], ['business_id'], ['review_stars'], ['user_id'], ['business_id'], ['review_stars'], ['user_id'], ['business_id'], ['review_stars'], ['user_id'], ['business_id'], ['review_stars'], ['user_id'], ['business_id'], ['review_stars'], ['user_id'], ['business_id'], ['review_stars'], ['user_id'], ['business_id'], ['review_stars'], ['user_id'], ['business_id'], ['review_stars'], ['user_id'], ['business_id'], ['review_stars'], ['user_id'], ['business_id'], ['review_stars'], ['user_id'], ['business_id'], ['review_stars'], ['user_id'], ['business_id'], ['review_stars'], ['user_id'], ['business_id'], ['review_stars'], ['user_id'], ['business_id'], ['review_stars'], ['user_id'], ['business_id'], ['review_stars'], ['user_id'], ['business_id'], ['review_stars'], ['user_id'], ['business_id'], ['review_stars'], ['user_id'], ['business_id'], ['review_stars'], ['user_id'], ['business_id'], ['review_stars'], ['user_id'], ['business_id'], ['review_stars'], ['user_id'], ['business_id'], ['review_stars'], ['user_id'], ['business_id'], ['review_stars'], ['user_id'], ['business_id'], ['review_stars'], ['user_id'], ['business_id'], ['review_stars'], ['user_id'], ['business_id'], ['review_stars'], ['user_id'], ['business_id'], ['review_stars'], ['user_id'], ['business_id'], ['review_stars'], ['user_id'], ['business_id'], ['review_stars'], ['user_id'], ['business_id'], ['review_stars'], ['user_id'], ['business_id'], ['review_stars'], ['user_id'], ['business_id'], ['review_stars'], ['user_id'], ['business_id'], ['review_stars'], ['user_id'], ['business_id'], ['review_stars'], ['user_id'], ['business_id'], ['review_stars'], ['user_id'], ['business_id'], ['review_stars'], ['user_id'], ['business_id'], ['review_stars'], ['user_id'], ['business_id'], ['review_stars'], ['user_id'], ['business_id'], ['review_stars'], ['user_id'], ['business_id'], ['review_stars'], ['user_id'], ['business_id'], ['review_stars'], ['user_id'], ['business_id'], ['review_stars'], ['user_id'], ['business_id'], ['review_stars'], ['user_id'], ['business_id'], ['review_stars'], ['user_id'], ['business_id'], ['review_stars'], ['user_id'], ['business_id'], ['review_stars'], ['user_id'], ['business_id'], ['review_stars'], ['user_id'], ['business_id'], ['review_stars'], ['user_id'], ['business_id'], ['review_stars'], ['user_id'], ['business_id'], ['review_stars'], ['user_id'], ['business_id'], ['review_stars'], ['user_id'], ['business_id'], ['review_stars'], ['user_id'], ['business_id'], ['review_stars'], ['user_id'], ['business_id'], ['review_stars'], ['user_id'], ['business_id'], ['review_stars'], ['user_id'], ['business_id'], ['review_stars'], ['user_id'], ['business_id'], ['review_stars'], ['user_id'], ['business_id'], ['review_stars'], ['user_id'], ['business_id'], ['review_stars'], ['user_id'], ['business_id'], ['review_stars'], ['user_id'], ['business_id'], ['review_stars'], ['user_id'], ['business_id'], ['review_stars'], ['user_id'], ['business_id'], ['review_stars'], ['user_id'], ['business_id'], ['review_stars'], ['user_id'], ['business_id'], ['review_stars'], ['user_id'], ['business_id'], ['review_stars'], ['user_id'], ['business_id'], ['review_stars'], ['user_id'], ['business_id'], ['review_stars'], ['user_id'], ['business_id'], ['review_stars'], ['user_id'], ['business_id'], ['review_stars'], ['user_id'], ['business_id'], ['review_stars'], ['user_id'], ['business_id'], ['review_stars'], ['user_id'], ['business_id'], ['review_stars'], ['user_id'], ['business_id'], ['review_stars'], ['user_id'], ['business_id'], ['review_stars'], ['user_id'], ['business_id'], ['review_stars'], ['user_id'], ['business_id'], ['review_stars'], ['user_id'], ['business_id'], ['review_stars'], ['user_id'], ['business_id'], ['review_stars'], ['user_id'], ['business_id'], ['review_stars'], ['user_id'], ['business_id'], ['review_stars'], ['user_id'], ['business_id'], ['review_stars'], ['user_id'], ['business_id'], ['review_stars'], ['user_id'], ['business_id'], ['review_stars'], ['user_id'], ['business_id'], ['review_stars'], ['user_id'], ['business_id'], ['review_stars'], ['user_id'], ['business_id'], ['review_stars'], ['user_id'], ['business_id'], ['review_stars'], ['user_id'], ['business_id'], ['review_stars'], ['user_id'], ['business_id'], ['review_stars'], ['user_id'], ['business_id'], ['review_stars'], ['user_id'], ['business_id'], ['review_stars'], ['user_id'], ['business_id'], ['review_stars'], ['user_id'], ['business_id'], ['review_stars'], ['user_id'], ['business_id'], ['review_stars'], ['user_id'], ['business_id'], ['review_stars'], ['user_id'], ['business_id'], ['review_stars'], ['user_id'], ['business_id'], ['review_stars'], ['user_id'], ['business_id'], ['review_stars'], ['user_id'], ['business_id'], ['review_stars'], ['user_id'], ['business_id'], ['review_stars'], ['user_id'], ['business_id'], ['review_stars'], ['user_id'], ['business_id'], ['review_stars'], ['user_id'], ['business_id'], ['review_stars'], ['user_id'], ['business_id'], ['review_stars'], ['user_id'], ['business_id'], ['review_stars'], ['user_id'], ['business_id'], ['review_stars'], ['user_id'], ['business_id'], ['review_stars'], ['user_id'], ['business_id'], ['review_stars'], ['user_id'], ['business_id'], ['review_stars'], ['user_id'], ['business_id'], ['review_stars'], ['user_id'], ['business_id'], ['review_stars'], ['user_id'], ['business_id'], ['review_stars'], ['user_id'], ['business_id'], ['review_stars'], ['user_id'], ['business_id'], ['review_stars'], ['user_id'], ['business_id'], ['review_stars'], ['user_id'], ['business_id'], ['review_stars'], ['user_id'], ['business_id'], ['review_stars'], ['user_id'], ['business_id'], ['review_stars'], ['user_id'], ['business_id'], ['review_stars'], ['user_id'], ['business_id'], ['review_stars'], ['user_id'], ['business_id'], ['review_stars'], ['user_id'], ['business_id'], ['review_stars'], ['user_id'], ['business_id'], ['review_stars'], ['user_id'], ['business_id'], ['review_stars'], ['user_id'], ['business_id'], ['review_stars'], ['user_id'], ['business_id'], ['review_stars'], ['user_id'], ['business_id'], ['review_stars'], ['user_id'], ['business_id'], ['review_stars'], ['user_id'], ['business_id'], ['review_stars'], ['user_id'], ['business_id'], ['review_stars'], ['user_id'], ['business_id'], ['review_stars'], ['user_id'], ['business_id'], ['review_stars'], ['user_id'], ['business_id'], ['review_stars'], ['user_id'], ['business_id'], ['review_stars'], ['user_id'], ['business_id'], ['review_stars'], ['user_id'], ['business_id'], ['review_stars'], ['user_id'], ['business_id'], ['review_stars'], ['user_id'], ['business_id'], ['review_stars'], ['user_id'], ['business_id'], ['review_stars'], ['user_id'], ['business_id'], ['review_stars'], ['user_id'], ['business_id'], ['review_stars'], ['user_id'], ['business_id'], ['review_stars'], ['user_id'], ['business_id'], ['review_stars'], ['user_id'], ['business_id'], ['review_stars'], ['user_id'], ['business_id'], ['review_stars'], ['user_id'], ['business_id'], ['review_stars'], ['user_id'], ['business_id'], ['review_stars'], ['user_id'], ['business_id'], ['review_stars'], ['user_id'], ['business_id'], ['review_stars'], ['user_id'], ['business_id'], ['review_stars'], ['user_id'], ['business_id'], ['review_stars'], ['user_id'], ['business_id'], ['review_stars'], ['user_id'], ['business_id'], ['review_stars'], ['user_id'], ['business_id'], ['review_stars'], ['user_id'], ['business_id'], ['review_stars'], ['user_id'], ['business_id'], ['review_stars'], ['user_id'], ['business_id'], ['review_stars'], ['user_id'], ['business_id'], ['review_stars'], ['user_id'], ['business_id'], ['review_stars'], ['user_id'], ['business_id'], ['review_stars'], ['user_id'], ['business_id'], ['review_stars'], ['user_id'], ['business_id'], ['review_stars'], ['user_id'], ['business_id'], ['review_stars'], ['user_id'], ['business_id'], ['review_stars'], ['user_id'], ['business_id'], ['review_stars'], ['user_id'], ['business_id'], ['review_stars'], ['user_id'], ['business_id'], ['review_stars'], ['user_id'], ['business_id'], ['review_stars'], ['user_id'], ['business_id'], ['review_stars'], ['user_id'], ['business_id'], ['review_stars'], ['user_id'], ['business_id'], ['review_stars'], ['user_id'], ['business_id'], ['review_stars'], ['user_id'], ['business_id'], ['review_stars'], ['user_id'], ['business_id'], ['review_stars'], ['user_id'], ['business_id'], ['review_stars'], ['user_id'], ['business_id'], ['review_stars'], ['user_id'], ['business_id'], ['review_stars'], ['user_id'], ['business_id'], ['review_stars'], ['user_id'], ['business_id'], ['review_stars'], ['user_id'], ['business_id'], ['review_stars'], ['user_id'], ['business_id'], ['review_stars'], ['user_id'], ['business_id'], ['review_stars'], ['user_id'], ['business_id'], ['review_stars'], ['user_id'], ['business_id'], ['review_stars'], ['user_id'], ['business_id'], ['review_stars'], ['user_id'], ['business_id'], ['review_stars'], ['user_id'], ['business_id'], ['review_stars'], ['user_id'], ['business_id'], ['review_stars'], ['user_id'], ['business_id'], ['review_stars'], ['user_id'], ['business_id'], ['review_stars'], ['user_id'], ['business_id'], ['review_stars'], ['user_id'], ['business_id'], ['review_stars'], ['user_id'], ['business_id'], ['review_stars'], ['user_id'], ['business_id'], ['review_stars']]
Traceback (most recent call last):
  File "/home/as12453/miniconda3/envs/dsga3001/lib/python3.8/site-packages/pandas/core/internals/construction.py", line 564, in _list_to_arrays
    columns = _validate_or_indexify_columns(content, columns)
  File "/home/as12453/miniconda3/envs/dsga3001/lib/python3.8/site-packages/pandas/core/internals/construction.py", line 688, in _validate_or_indexify_columns
    raise AssertionError(
AssertionError: 3 columns passed, passed data had 1 columns

The above exception was the direct cause of the following exception:

Traceback (most recent call last):
  File "./Bias_and_BiasMF_Models.py", line 233, in <module>
    full_data = pd.DataFrame(dfs, columns=['user','item','rating'])
  File "/home/as12453/miniconda3/envs/dsga3001/lib/python3.8/site-packages/pandas/core/frame.py", line 509, in __init__
    arrays, columns = to_arrays(data, columns, dtype=dtype)
  File "/home/as12453/miniconda3/envs/dsga3001/lib/python3.8/site-packages/pandas/core/internals/construction.py", line 524, in to_arrays
    return _list_to_arrays(data, columns, coerce_float=coerce_float, dtype=dtype)
  File "/home/as12453/miniconda3/envs/dsga3001/lib/python3.8/site-packages/pandas/core/internals/construction.py", line 567, in _list_to_arrays
    raise ValueError(e) from e
ValueError: 3 columns passed, passed data had 1 columns
